Using pre-set license
Built from '2020.3/staging' branch; Version is '2020.3.4f1 (0abb6314276a) revision 703331'; Using compiler version '192528614'; Build Type 'Release'
OS: 'Windows 10 Home; OS build 19043.1237; Version 2009; 64bit' Language: 'en' Physical Memory: 16168 MB
BatchMode: 1, IsHumanControllingUs: 0, StartBugReporterOnCrash: 0, Is64bit: 1, IsPro: 0

 COMMAND LINE ARGUMENTS:
C:\Program Files\Unity\Hub\Editor\2020.3.4f1\Editor\Unity.exe
-adb2
-batchMode
-noUpm
-name
AssetImportWorker0
-projectPath
C:/Users/ben_a/Documents/GitHub/DodgeTheWalls2/UnityFiles/DodgeTheWalls2
-logFile
Logs/AssetImportWorker0.log
-srvPort
50327
Successfully changed project path to: C:/Users/ben_a/Documents/GitHub/DodgeTheWalls2/UnityFiles/DodgeTheWalls2
C:/Users/ben_a/Documents/GitHub/DodgeTheWalls2/UnityFiles/DodgeTheWalls2
Using Asset Import Pipeline V2.
Refreshing native plugins compatible for Editor in 77.26 ms, found 0 plugins.
Preloading 0 native plugins for Editor in 0.00 ms.
Initialize engine version: 2020.3.4f1 (0abb6314276a)
[Subsystems] Discovering subsystems at path C:/Program Files/Unity/Hub/Editor/2020.3.4f1/Editor/Data/Resources/UnitySubsystems
[Subsystems] Discovering subsystems at path C:/Users/ben_a/Documents/GitHub/DodgeTheWalls2/UnityFiles/DodgeTheWalls2/Assets
GfxDevice: creating device client; threaded=0
Direct3D:
    Version:  Direct3D 11.0 [level 11.1]
    Renderer: NVIDIA GeForce RTX 2060 (ID=0x1f15)
    Vendor:   
    VRAM:     5980 MB
    Driver:   27.21.14.6627
Initialize mono
Mono path[0] = 'C:/Program Files/Unity/Hub/Editor/2020.3.4f1/Editor/Data/Managed'
Mono path[1] = 'C:/Program Files/Unity/Hub/Editor/2020.3.4f1/Editor/Data/MonoBleedingEdge/lib/mono/unityjit'
Mono config path = 'C:/Program Files/Unity/Hub/Editor/2020.3.4f1/Editor/Data/MonoBleedingEdge/etc'
Using monoOptions --debugger-agent=transport=dt_socket,embedding=1,server=y,suspend=n,address=127.0.0.1:56524
Begin MonoManager ReloadAssembly
Registering precompiled unity dll's ...
Register platform support module: C:/Program Files/Unity/Hub/Editor/2020.3.4f1/Editor/Data/PlaybackEngines/WebGLSupport/UnityEditor.WebGL.Extensions.dll
Register platform support module: C:/Program Files/Unity/Hub/Editor/2020.3.4f1/Editor/Data/PlaybackEngines/WindowsStandaloneSupport/UnityEditor.WindowsStandalone.Extensions.dll
Registered in 0.002317 seconds.
Native extension for WindowsStandalone target not found
Native extension for WebGL target not found
Refreshing native plugins compatible for Editor in 56.83 ms, found 0 plugins.
Preloading 0 native plugins for Editor in 0.00 ms.
Mono: successfully reloaded assembly
- Completed reload, in  2.337 seconds
Platform modules already initialized, skipping
Registering precompiled user dll's ...
Registered in 0.001370 seconds.
Begin MonoManager ReloadAssembly
Native extension for WindowsStandalone target not found
Native extension for WebGL target not found
Refreshing native plugins compatible for Editor in 57.59 ms, found 0 plugins.
Preloading 0 native plugins for Editor in 0.00 ms.
Mono: successfully reloaded assembly
- Completed reload, in  1.044 seconds
Platform modules already initialized, skipping
========================================================================
Worker process is ready to serve import requests
Shader 'Universal Render Pipeline/Particles/Lit': fallback shader 'Universal Render Pipeline/Particles/SimpleLit' not found
Shader 'Universal Render Pipeline/Particles/Lit': fallback shader 'Universal Render Pipeline/Particles/SimpleLit' not found
Launched and connected shader compiler UnityShaderCompiler.exe after 0.04 seconds
Refreshing native plugins compatible for Editor in 0.96 ms, found 0 plugins.
Preloading 0 native plugins for Editor in 0.00 ms.
Unloading 2758 Unused Serialized files (Serialized files now loaded: 0)
System memory in use before: 127.4 MB.
System memory in use after: 124.7 MB.

Unloading 62 unused Assets to reduce memory usage. Loaded Objects now: 3147.
Total: 5.488500 ms (FindLiveObjects: 0.470200 ms CreateObjectMapping: 0.246300 ms MarkObjects: 2.901200 ms  DeleteObjects: 1.869100 ms)

========================================================================
Received Import Request.
  path: Assets/Sprites/playerSpriteSheet.png
  artifactKey: Guid(565aa4dd46be73c4bbf15c66c647a22c) Importer(815301076,1909f56bfc062723c751e8b465ee728b)
Start importing Assets/Sprites/playerSpriteSheet.png using Guid(565aa4dd46be73c4bbf15c66c647a22c) Importer(815301076,1909f56bfc062723c751e8b465ee728b)  -> (artifact id: 'dd87aff13ab60d667281a0af4c306a2b') in 0.099230 seconds
  Import took 0.103535 seconds .

========================================================================
Received Import Request.
  Time since last request: 36.910488 seconds.
  path: Assets/Sprites/playerSpriteSheet.png
  artifactKey: Guid(565aa4dd46be73c4bbf15c66c647a22c) Importer(815301076,1909f56bfc062723c751e8b465ee728b)
Start importing Assets/Sprites/playerSpriteSheet.png using Guid(565aa4dd46be73c4bbf15c66c647a22c) Importer(815301076,1909f56bfc062723c751e8b465ee728b)  -> (artifact id: 'fd98102bc5d48db78c78e121837dcf84') in 0.016771 seconds
  Import took 0.021175 seconds .

========================================================================
Received Import Request.
  Time since last request: 0.008666 seconds.
  path: Assets/Sprites/playerSpriteSheet.png
  artifactKey: Guid(565aa4dd46be73c4bbf15c66c647a22c) Importer(815301076,1909f56bfc062723c751e8b465ee728b)
Start importing Assets/Sprites/playerSpriteSheet.png using Guid(565aa4dd46be73c4bbf15c66c647a22c) Importer(815301076,1909f56bfc062723c751e8b465ee728b)  -> (artifact id: 'fd98102bc5d48db78c78e121837dcf84') in 0.016942 seconds
  Import took 0.021800 seconds .

========================================================================
Received Import Request.
  Time since last request: 22.157847 seconds.
  path: Assets/Sprites/playerSpriteSheet.png
  artifactKey: Guid(565aa4dd46be73c4bbf15c66c647a22c) Importer(815301076,1909f56bfc062723c751e8b465ee728b)
Start importing Assets/Sprites/playerSpriteSheet.png using Guid(565aa4dd46be73c4bbf15c66c647a22c) Importer(815301076,1909f56bfc062723c751e8b465ee728b)  -> (artifact id: 'ff26da76cfc7875c36ec721698978731') in 0.023570 seconds
  Import took 0.028084 seconds .

========================================================================
Received Import Request.
  Time since last request: 0.001861 seconds.
  path: Assets/Sprites/playerSpriteSheet.png
  artifactKey: Guid(565aa4dd46be73c4bbf15c66c647a22c) Importer(815301076,1909f56bfc062723c751e8b465ee728b)
Start importing Assets/Sprites/playerSpriteSheet.png using Guid(565aa4dd46be73c4bbf15c66c647a22c) Importer(815301076,1909f56bfc062723c751e8b465ee728b)  -> (artifact id: 'ff26da76cfc7875c36ec721698978731') in 0.019729 seconds
  Import took 0.023886 seconds .

========================================================================
Received Prepare
Registering precompiled user dll's ...
Registered in 0.001442 seconds.
Begin MonoManager ReloadAssembly
Native extension for WindowsStandalone target not found
Native extension for WebGL target not found
Refreshing native plugins compatible for Editor in 0.56 ms, found 0 plugins.
Preloading 0 native plugins for Editor in 0.00 ms.
Mono: successfully reloaded assembly
- Completed reload, in  0.984 seconds
Platform modules already initialized, skipping
Shader 'Universal Render Pipeline/Particles/Lit': fallback shader 'Universal Render Pipeline/Particles/SimpleLit' not found
Shader 'Universal Render Pipeline/Particles/Lit': fallback shader 'Universal Render Pipeline/Particles/SimpleLit' not found
Refreshing native plugins compatible for Editor in 0.56 ms, found 0 plugins.
Preloading 0 native plugins for Editor in 0.00 ms.
Unloading 2658 Unused Serialized files (Serialized files now loaded: 0)
System memory in use before: 124.4 MB.
System memory in use after: 121.6 MB.

Unloading 57 unused Assets to reduce memory usage. Loaded Objects now: 3159.
Total: 3.805800 ms (FindLiveObjects: 0.284100 ms CreateObjectMapping: 0.154000 ms MarkObjects: 1.922900 ms  DeleteObjects: 1.443400 ms)

========================================================================
Received Import Request.
  Time since last request: 209.214354 seconds.
  path: Assets/Animations
  artifactKey: Guid(6e1e2b614a78b5d4abab1b20deeacc11) Importer(815301076,1909f56bfc062723c751e8b465ee728b)
Start importing Assets/Animations using Guid(6e1e2b614a78b5d4abab1b20deeacc11) Importer(815301076,1909f56bfc062723c751e8b465ee728b)  -> (artifact id: 'd9ea3ae13fa071ef45cc2a870a823fa4') in 0.009997 seconds
  Import took 0.014471 seconds .

========================================================================
Received Import Request.
  Time since last request: 0.007508 seconds.
  path: Assets/Animations
  artifactKey: Guid(6e1e2b614a78b5d4abab1b20deeacc11) Importer(815301076,1909f56bfc062723c751e8b465ee728b)
Start importing Assets/Animations using Guid(6e1e2b614a78b5d4abab1b20deeacc11) Importer(815301076,1909f56bfc062723c751e8b465ee728b)  -> (artifact id: 'd9ea3ae13fa071ef45cc2a870a823fa4') in 0.001984 seconds
  Import took 0.006362 seconds .

========================================================================
Received Prepare
Registering precompiled user dll's ...
Registered in 0.001588 seconds.
Begin MonoManager ReloadAssembly
Native extension for WindowsStandalone target not found
Native extension for WebGL target not found
Refreshing native plugins compatible for Editor in 0.55 ms, found 0 plugins.
Preloading 0 native plugins for Editor in 0.00 ms.
Mono: successfully reloaded assembly
- Completed reload, in  0.993 seconds
Platform modules already initialized, skipping
Shader 'Universal Render Pipeline/Particles/Lit': fallback shader 'Universal Render Pipeline/Particles/SimpleLit' not found
Shader 'Universal Render Pipeline/Particles/Lit': fallback shader 'Universal Render Pipeline/Particles/SimpleLit' not found
Refreshing native plugins compatible for Editor in 0.57 ms, found 0 plugins.
Preloading 0 native plugins for Editor in 0.00 ms.
Unloading 2658 Unused Serialized files (Serialized files now loaded: 0)
System memory in use before: 124.4 MB.
System memory in use after: 121.7 MB.

Unloading 57 unused Assets to reduce memory usage. Loaded Objects now: 3162.
Total: 4.194100 ms (FindLiveObjects: 0.322500 ms CreateObjectMapping: 0.184200 ms MarkObjects: 1.924400 ms  DeleteObjects: 1.761700 ms)

========================================================================
Received Import Request.
  Time since last request: 98.514121 seconds.
  path: Assets/Prefabs/Player.prefab
  artifactKey: Guid(f1aa43cd40f727e40b47265f43686fc6) Importer(815301076,1909f56bfc062723c751e8b465ee728b)
Start importing Assets/Prefabs/Player.prefab using Guid(f1aa43cd40f727e40b47265f43686fc6) Importer(815301076,1909f56bfc062723c751e8b465ee728b) The Animator Controller (playerSpriteSheet_0) you have used is not valid. Animations will not play
UnityEngine.StackTraceUtility:ExtractStackTrace ()
UnityEditor.EditorUtility:Internal_InstantiateRemoveAllNonAnimationComponentsSingle (UnityEngine.Object,UnityEngine.Vector3,UnityEngine.Quaternion)
UnityEditor.EditorUtility:InstantiateRemoveAllNonAnimationComponents (UnityEngine.Object,UnityEngine.Vector3,UnityEngine.Quaternion)
UnityEditor.EditorUtility:InstantiateForAnimatorPreview (UnityEngine.Object)
UnityEditor.GameObjectInspector/PreviewData:UpdateGameObject (UnityEngine.Object)
UnityEditor.GameObjectInspector/PreviewData:.ctor (UnityEngine.Object)
UnityEditor.GameObjectInspector:GetPreviewData ()
UnityEditor.GameObjectInspector:RenderStaticPreview (string,UnityEngine.Object[],int,int)
UnityEditor.AssetPreviewUpdater:CreatePreviewForAsset (UnityEngine.Object,UnityEngine.Object[],string)

[C:\buildslave\unity\build\Modules/Animation/Director/AnimatorControllerPlayable.cpp line 333]

The Animator Controller (playerSpriteSheet_0) you have used is not valid. Animations will not play
UnityEngine.StackTraceUtility:ExtractStackTrace ()
UnityEditor.EditorUtility:InitInstantiatedPreviewRecursive (UnityEngine.GameObject)
UnityEditor.EditorUtility:InstantiateForAnimatorPreview (UnityEngine.Object)
UnityEditor.GameObjectInspector/PreviewData:UpdateGameObject (UnityEngine.Object)
UnityEditor.GameObjectInspector/PreviewData:.ctor (UnityEngine.Object)
UnityEditor.GameObjectInspector:GetPreviewData ()
UnityEditor.GameObjectInspector:RenderStaticPreview (string,UnityEngine.Object[],int,int)
UnityEditor.AssetPreviewUpdater:CreatePreviewForAsset (UnityEngine.Object,UnityEngine.Object[],string)

[C:\buildslave\unity\build\Modules/Animation/Director/AnimatorControllerPlayable.cpp line 333]

 -> (artifact id: '3dd7b311580222ac15f2aa4ef640d270') in 0.230275 seconds
  Import took 0.235188 seconds .

========================================================================
Received Prepare
Registering precompiled user dll's ...
Registered in 0.001487 seconds.
Begin MonoManager ReloadAssembly
Native extension for WindowsStandalone target not found
Native extension for WebGL target not found
Refreshing native plugins compatible for Editor in 0.61 ms, found 0 plugins.
Preloading 0 native plugins for Editor in 0.00 ms.
Mono: successfully reloaded assembly
- Completed reload, in  1.086 seconds
Platform modules already initialized, skipping
Shader 'Universal Render Pipeline/Particles/Lit': fallback shader 'Universal Render Pipeline/Particles/SimpleLit' not found
Shader 'Universal Render Pipeline/Particles/Lit': fallback shader 'Universal Render Pipeline/Particles/SimpleLit' not found
Refreshing native plugins compatible for Editor in 0.57 ms, found 0 plugins.
Preloading 0 native plugins for Editor in 0.00 ms.
Unloading 2658 Unused Serialized files (Serialized files now loaded: 0)
System memory in use before: 126.8 MB.
System memory in use after: 124.0 MB.

Unloading 57 unused Assets to reduce memory usage. Loaded Objects now: 3208.
Total: 4.201200 ms (FindLiveObjects: 0.325400 ms CreateObjectMapping: 0.150500 ms MarkObjects: 2.102500 ms  DeleteObjects: 1.621900 ms)

========================================================================
Received Import Request.
  Time since last request: 981.500112 seconds.
  path: Assets/Scripts/Player_MovementController.cs
  artifactKey: Guid(d95ab1dc042e2b744871620e1a29a7b1) Importer(815301076,1909f56bfc062723c751e8b465ee728b)
Start importing Assets/Scripts/Player_MovementController.cs using Guid(d95ab1dc042e2b744871620e1a29a7b1) Importer(815301076,1909f56bfc062723c751e8b465ee728b)  -> (artifact id: 'decfd869e68af43d7782105038f6a373') in 0.011476 seconds
  Import took 0.016129 seconds .

========================================================================
Received Prepare
Registering precompiled user dll's ...
Registered in 0.001423 seconds.
Begin MonoManager ReloadAssembly
Native extension for WindowsStandalone target not found
Native extension for WebGL target not found
Refreshing native plugins compatible for Editor in 0.59 ms, found 0 plugins.
Preloading 0 native plugins for Editor in 0.00 ms.
Mono: successfully reloaded assembly
- Completed reload, in  1.065 seconds
Platform modules already initialized, skipping
Shader 'Universal Render Pipeline/Particles/Lit': fallback shader 'Universal Render Pipeline/Particles/SimpleLit' not found
Shader 'Universal Render Pipeline/Particles/Lit': fallback shader 'Universal Render Pipeline/Particles/SimpleLit' not found
Refreshing native plugins compatible for Editor in 0.58 ms, found 0 plugins.
Preloading 0 native plugins for Editor in 0.00 ms.
Unloading 2658 Unused Serialized files (Serialized files now loaded: 0)
System memory in use before: 126.8 MB.
System memory in use after: 124.1 MB.

Unloading 57 unused Assets to reduce memory usage. Loaded Objects now: 3211.
Total: 4.301800 ms (FindLiveObjects: 0.292800 ms CreateObjectMapping: 0.156700 ms MarkObjects: 2.197100 ms  DeleteObjects: 1.653900 ms)

========================================================================
Received Import Request.
  Time since last request: 79.572192 seconds.
  path: Assets/Scripts/Player_MovementController.cs
  artifactKey: Guid(d95ab1dc042e2b744871620e1a29a7b1) Importer(815301076,1909f56bfc062723c751e8b465ee728b)
Start importing Assets/Scripts/Player_MovementController.cs using Guid(d95ab1dc042e2b744871620e1a29a7b1) Importer(815301076,1909f56bfc062723c751e8b465ee728b)  -> (artifact id: '04198d1f21e2b3611b0a522a6b84e9ec') in 0.005635 seconds
  Import took 0.010226 seconds .

========================================================================
Received Prepare
Registering precompiled user dll's ...
Registered in 0.001546 seconds.
Begin MonoManager ReloadAssembly
Native extension for WindowsStandalone target not found
Native extension for WebGL target not found
Refreshing native plugins compatible for Editor in 0.58 ms, found 0 plugins.
Preloading 0 native plugins for Editor in 0.00 ms.
Mono: successfully reloaded assembly
- Completed reload, in  1.087 seconds
Platform modules already initialized, skipping
Shader 'Universal Render Pipeline/Particles/Lit': fallback shader 'Universal Render Pipeline/Particles/SimpleLit' not found
Shader 'Universal Render Pipeline/Particles/Lit': fallback shader 'Universal Render Pipeline/Particles/SimpleLit' not found
Refreshing native plugins compatible for Editor in 0.56 ms, found 0 plugins.
Preloading 0 native plugins for Editor in 0.00 ms.
Unloading 2658 Unused Serialized files (Serialized files now loaded: 0)
System memory in use before: 126.9 MB.
System memory in use after: 124.1 MB.

Unloading 57 unused Assets to reduce memory usage. Loaded Objects now: 3214.
Total: 4.241900 ms (FindLiveObjects: 0.288300 ms CreateObjectMapping: 0.163700 ms MarkObjects: 2.113800 ms  DeleteObjects: 1.674800 ms)

========================================================================
Received Import Request.
  Time since last request: 82.832246 seconds.
  path: Assets/Scripts/Player_MovementController.cs
  artifactKey: Guid(d95ab1dc042e2b744871620e1a29a7b1) Importer(815301076,1909f56bfc062723c751e8b465ee728b)
Start importing Assets/Scripts/Player_MovementController.cs using Guid(d95ab1dc042e2b744871620e1a29a7b1) Importer(815301076,1909f56bfc062723c751e8b465ee728b)  -> (artifact id: 'b835b452020a07bbb4cd66d43656f55c') in 0.006023 seconds
  Import took 0.011012 seconds .

========================================================================
Received Prepare
Registering precompiled user dll's ...
Registered in 0.001495 seconds.
Begin MonoManager ReloadAssembly
Native extension for WindowsStandalone target not found
Native extension for WebGL target not found
Refreshing native plugins compatible for Editor in 0.72 ms, found 0 plugins.
Preloading 0 native plugins for Editor in 0.00 ms.
Mono: successfully reloaded assembly
- Completed reload, in  1.058 seconds
Platform modules already initialized, skipping
Shader 'Universal Render Pipeline/Particles/Lit': fallback shader 'Universal Render Pipeline/Particles/SimpleLit' not found
Shader 'Universal Render Pipeline/Particles/Lit': fallback shader 'Universal Render Pipeline/Particles/SimpleLit' not found
Refreshing native plugins compatible for Editor in 0.59 ms, found 0 plugins.
Preloading 0 native plugins for Editor in 0.00 ms.
Unloading 2658 Unused Serialized files (Serialized files now loaded: 0)
System memory in use before: 126.9 MB.
System memory in use after: 124.1 MB.

Unloading 57 unused Assets to reduce memory usage. Loaded Objects now: 3217.
Total: 4.645000 ms (FindLiveObjects: 0.340500 ms CreateObjectMapping: 0.188800 ms MarkObjects: 2.184200 ms  DeleteObjects: 1.930400 ms)

========================================================================
Received Import Request.
  Time since last request: 59.288444 seconds.
  path: Assets/Scripts/Player_MovementController.cs
  artifactKey: Guid(d95ab1dc042e2b744871620e1a29a7b1) Importer(815301076,1909f56bfc062723c751e8b465ee728b)
Start importing Assets/Scripts/Player_MovementController.cs using Guid(d95ab1dc042e2b744871620e1a29a7b1) Importer(815301076,1909f56bfc062723c751e8b465ee728b)  -> (artifact id: '90d249513af1d55703a20bfaec9e5cbd') in 0.005826 seconds
  Import took 0.010444 seconds .

========================================================================
Received Prepare
Registering precompiled user dll's ...
Registered in 0.001514 seconds.
Begin MonoManager ReloadAssembly
Native extension for WindowsStandalone target not found
Native extension for WebGL target not found
Refreshing native plugins compatible for Editor in 0.58 ms, found 0 plugins.
Preloading 0 native plugins for Editor in 0.00 ms.
Mono: successfully reloaded assembly
- Completed reload, in  1.082 seconds
Platform modules already initialized, skipping
Shader 'Universal Render Pipeline/Particles/Lit': fallback shader 'Universal Render Pipeline/Particles/SimpleLit' not found
Shader 'Universal Render Pipeline/Particles/Lit': fallback shader 'Universal Render Pipeline/Particles/SimpleLit' not found
Refreshing native plugins compatible for Editor in 0.59 ms, found 0 plugins.
Preloading 0 native plugins for Editor in 0.00 ms.
Unloading 2658 Unused Serialized files (Serialized files now loaded: 0)
System memory in use before: 126.8 MB.
System memory in use after: 124.1 MB.

Unloading 57 unused Assets to reduce memory usage. Loaded Objects now: 3220.
Total: 4.422600 ms (FindLiveObjects: 0.319900 ms CreateObjectMapping: 0.182900 ms MarkObjects: 2.007400 ms  DeleteObjects: 1.911300 ms)

========================================================================
Received Import Request.
  Time since last request: 362.879767 seconds.
  path: Assets/Scripts/Player_MovementController.cs
  artifactKey: Guid(d95ab1dc042e2b744871620e1a29a7b1) Importer(815301076,1909f56bfc062723c751e8b465ee728b)
Start importing Assets/Scripts/Player_MovementController.cs using Guid(d95ab1dc042e2b744871620e1a29a7b1) Importer(815301076,1909f56bfc062723c751e8b465ee728b)  -> (artifact id: 'ecac39a4900da8b5cdc40f37325c4ca6') in 0.005897 seconds
  Import took 0.010409 seconds .

========================================================================
Received Prepare
Registering precompiled user dll's ...
Registered in 0.001553 seconds.
Begin MonoManager ReloadAssembly
Native extension for WindowsStandalone target not found
Native extension for WebGL target not found
Refreshing native plugins compatible for Editor in 0.57 ms, found 0 plugins.
Preloading 0 native plugins for Editor in 0.00 ms.
Mono: successfully reloaded assembly
- Completed reload, in  1.056 seconds
Platform modules already initialized, skipping
Shader 'Universal Render Pipeline/Particles/Lit': fallback shader 'Universal Render Pipeline/Particles/SimpleLit' not found
Shader 'Universal Render Pipeline/Particles/Lit': fallback shader 'Universal Render Pipeline/Particles/SimpleLit' not found
Refreshing native plugins compatible for Editor in 0.57 ms, found 0 plugins.
Preloading 0 native plugins for Editor in 0.00 ms.
Unloading 2658 Unused Serialized files (Serialized files now loaded: 0)
System memory in use before: 126.9 MB.
System memory in use after: 124.1 MB.

Unloading 57 unused Assets to reduce memory usage. Loaded Objects now: 3223.
Total: 4.544300 ms (FindLiveObjects: 0.387500 ms CreateObjectMapping: 0.283800 ms MarkObjects: 2.173300 ms  DeleteObjects: 1.698000 ms)

========================================================================
Received Prepare
Registering precompiled user dll's ...
Registered in 0.001583 seconds.
Begin MonoManager ReloadAssembly
Native extension for WindowsStandalone target not found
Native extension for WebGL target not found
Refreshing native plugins compatible for Editor in 0.61 ms, found 0 plugins.
Preloading 0 native plugins for Editor in 0.00 ms.
Mono: successfully reloaded assembly
- Completed reload, in  1.138 seconds
Platform modules already initialized, skipping
Shader 'Universal Render Pipeline/Particles/Lit': fallback shader 'Universal Render Pipeline/Particles/SimpleLit' not found
Shader 'Universal Render Pipeline/Particles/Lit': fallback shader 'Universal Render Pipeline/Particles/SimpleLit' not found
Refreshing native plugins compatible for Editor in 0.61 ms, found 0 plugins.
Preloading 0 native plugins for Editor in 0.00 ms.
Unloading 2658 Unused Serialized files (Serialized files now loaded: 0)
System memory in use before: 126.8 MB.
System memory in use after: 124.1 MB.

Unloading 57 unused Assets to reduce memory usage. Loaded Objects now: 3226.
Total: 4.627900 ms (FindLiveObjects: 0.305400 ms CreateObjectMapping: 0.179600 ms MarkObjects: 2.165100 ms  DeleteObjects: 1.976900 ms)

========================================================================
Received Prepare
Registering precompiled user dll's ...
Registered in 0.001253 seconds.
Begin MonoManager ReloadAssembly
Native extension for WindowsStandalone target not found
Native extension for WebGL target not found
Refreshing native plugins compatible for Editor in 0.58 ms, found 0 plugins.
Preloading 0 native plugins for Editor in 0.00 ms.
Mono: successfully reloaded assembly
- Completed reload, in  1.110 seconds
Platform modules already initialized, skipping
Switching build target platform(5) subTarget(0) extendedPlatform(0) -> platform(13) subTarget(537395200) extendedPlatform(0)
Shader 'Universal Render Pipeline/Particles/Lit': fallback shader 'Universal Render Pipeline/Particles/SimpleLit' not found
Shader 'Universal Render Pipeline/Particles/Lit': fallback shader 'Universal Render Pipeline/Particles/SimpleLit' not found
Refreshing native plugins compatible for Editor in 0.68 ms, found 0 plugins.
Preloading 0 native plugins for Editor in 0.00 ms.
Unloading 2662 Unused Serialized files (Serialized files now loaded: 0)
System memory in use before: 125.7 MB.
System memory in use after: 122.9 MB.

Unloading 57 unused Assets to reduce memory usage. Loaded Objects now: 3229.
Total: 4.167100 ms (FindLiveObjects: 0.306600 ms CreateObjectMapping: 0.161300 ms MarkObjects: 2.034000 ms  DeleteObjects: 1.664000 ms)

AssetImportParameters requested are different than current active one (requested -> active):
  custom:graphics/normal-map-encoding: 01000000000000000000000000000000 -> 02000000000000000000000000000000
========================================================================
Received Prepare
Shader 'Universal Render Pipeline/Particles/Lit': fallback shader 'Universal Render Pipeline/Particles/SimpleLit' not found
Shader 'Universal Render Pipeline/Particles/Lit': fallback shader 'Universal Render Pipeline/Particles/SimpleLit' not found
Refreshing native plugins compatible for Editor in 7.20 ms, found 0 plugins.
Preloading 0 native plugins for Editor in 0.00 ms.
Unloading 55 Unused Serialized files (Serialized files now loaded: 0)
System memory in use before: 74.2 MB.
System memory in use after: 71.4 MB.

Unloading 55 unused Assets to reduce memory usage. Loaded Objects now: 3229.
Total: 5.280600 ms (FindLiveObjects: 0.330500 ms CreateObjectMapping: 0.219400 ms MarkObjects: 2.816400 ms  DeleteObjects: 1.912900 ms)

========================================================================
Received Prepare
Registering precompiled user dll's ...
Registered in 0.001525 seconds.
Begin MonoManager ReloadAssembly
Native extension for WindowsStandalone target not found
Native extension for WebGL target not found
Refreshing native plugins compatible for Editor in 0.70 ms, found 0 plugins.
Preloading 0 native plugins for Editor in 0.00 ms.
Mono: successfully reloaded assembly
- Completed reload, in  1.311 seconds
Platform modules already initialized, skipping
Switching build target platform(5) subTarget(0) extendedPlatform(0) -> platform(13) subTarget(537395200) extendedPlatform(0)
Shader 'Universal Render Pipeline/Particles/Lit': fallback shader 'Universal Render Pipeline/Particles/SimpleLit' not found
Shader 'Universal Render Pipeline/Particles/Lit': fallback shader 'Universal Render Pipeline/Particles/SimpleLit' not found
Refreshing native plugins compatible for Editor in 0.61 ms, found 0 plugins.
Preloading 0 native plugins for Editor in 0.00 ms.
Unloading 2662 Unused Serialized files (Serialized files now loaded: 0)
System memory in use before: 125.6 MB.
System memory in use after: 122.9 MB.

Unloading 57 unused Assets to reduce memory usage. Loaded Objects now: 3232.
Total: 4.174400 ms (FindLiveObjects: 0.401500 ms CreateObjectMapping: 0.180500 ms MarkObjects: 1.979500 ms  DeleteObjects: 1.612000 ms)

AssetImportParameters requested are different than current active one (requested -> active):
  custom:graphics/normal-map-encoding: 01000000000000000000000000000000 -> 02000000000000000000000000000000
========================================================================
Received Prepare
Registering precompiled user dll's ...
Registered in 0.001455 seconds.
Begin MonoManager ReloadAssembly
Native extension for WindowsStandalone target not found
Native extension for WebGL target not found
Refreshing native plugins compatible for Editor in 0.57 ms, found 0 plugins.
Preloading 0 native plugins for Editor in 0.00 ms.
Mono: successfully reloaded assembly
- Completed reload, in  1.148 seconds
Platform modules already initialized, skipping
Switching build target platform(5) subTarget(0) extendedPlatform(0) -> platform(13) subTarget(537395200) extendedPlatform(0)
Shader 'Universal Render Pipeline/Particles/Lit': fallback shader 'Universal Render Pipeline/Particles/SimpleLit' not found
Shader 'Universal Render Pipeline/Particles/Lit': fallback shader 'Universal Render Pipeline/Particles/SimpleLit' not found
Refreshing native plugins compatible for Editor in 0.54 ms, found 0 plugins.
Preloading 0 native plugins for Editor in 0.00 ms.
Unloading 2662 Unused Serialized files (Serialized files now loaded: 0)
System memory in use before: 125.7 MB.
System memory in use after: 122.9 MB.

Unloading 57 unused Assets to reduce memory usage. Loaded Objects now: 3235.
Total: 4.177800 ms (FindLiveObjects: 0.326700 ms CreateObjectMapping: 0.185100 ms MarkObjects: 1.980300 ms  DeleteObjects: 1.684400 ms)

AssetImportParameters requested are different than current active one (requested -> active):
  custom:graphics/normal-map-encoding: 01000000000000000000000000000000 -> 02000000000000000000000000000000
========================================================================
Received Prepare
Shader 'Universal Render Pipeline/Particles/Lit': fallback shader 'Universal Render Pipeline/Particles/SimpleLit' not found
Shader 'Universal Render Pipeline/Particles/Lit': fallback shader 'Universal Render Pipeline/Particles/SimpleLit' not found
Refreshing native plugins compatible for Editor in 8.22 ms, found 0 plugins.
Preloading 0 native plugins for Editor in 0.00 ms.
Unloading 55 Unused Serialized files (Serialized files now loaded: 0)
System memory in use before: 74.3 MB.
System memory in use after: 71.5 MB.

Unloading 55 unused Assets to reduce memory usage. Loaded Objects now: 3235.
Total: 4.191500 ms (FindLiveObjects: 0.364900 ms CreateObjectMapping: 0.268900 ms MarkObjects: 1.897600 ms  DeleteObjects: 1.659400 ms)

========================================================================
Received Prepare
Registering precompiled user dll's ...
Registered in 0.001418 seconds.
Begin MonoManager ReloadAssembly
Native extension for WindowsStandalone target not found
Native extension for WebGL target not found
Refreshing native plugins compatible for Editor in 0.59 ms, found 0 plugins.
Preloading 0 native plugins for Editor in 0.00 ms.
Mono: successfully reloaded assembly
- Completed reload, in  1.085 seconds
Platform modules already initialized, skipping
Switching build target platform(5) subTarget(0) extendedPlatform(0) -> platform(13) subTarget(537395200) extendedPlatform(0)
Shader 'Universal Render Pipeline/Particles/Lit': fallback shader 'Universal Render Pipeline/Particles/SimpleLit' not found
Shader 'Universal Render Pipeline/Particles/Lit': fallback shader 'Universal Render Pipeline/Particles/SimpleLit' not found
Refreshing native plugins compatible for Editor in 0.57 ms, found 0 plugins.
Preloading 0 native plugins for Editor in 0.00 ms.
Unloading 2662 Unused Serialized files (Serialized files now loaded: 0)
System memory in use before: 125.6 MB.
System memory in use after: 122.9 MB.

Unloading 57 unused Assets to reduce memory usage. Loaded Objects now: 3238.
Total: 4.179800 ms (FindLiveObjects: 0.277000 ms CreateObjectMapping: 0.181400 ms MarkObjects: 2.061100 ms  DeleteObjects: 1.659300 ms)

AssetImportParameters requested are different than current active one (requested -> active):
  custom:graphics/normal-map-encoding: 01000000000000000000000000000000 -> 02000000000000000000000000000000
========================================================================
Received Prepare
Registering precompiled user dll's ...
Registered in 0.001394 seconds.
Begin MonoManager ReloadAssembly
Native extension for WindowsStandalone target not found
Native extension for WebGL target not found
Refreshing native plugins compatible for Editor in 0.56 ms, found 0 plugins.
Preloading 0 native plugins for Editor in 0.00 ms.
Mono: successfully reloaded assembly
- Completed reload, in  1.160 seconds
Platform modules already initialized, skipping
Switching build target platform(5) subTarget(0) extendedPlatform(0) -> platform(13) subTarget(537395200) extendedPlatform(0)
Shader 'Universal Render Pipeline/Particles/Lit': fallback shader 'Universal Render Pipeline/Particles/SimpleLit' not found
Shader 'Universal Render Pipeline/Particles/Lit': fallback shader 'Universal Render Pipeline/Particles/SimpleLit' not found
Refreshing native plugins compatible for Editor in 0.60 ms, found 0 plugins.
Preloading 0 native plugins for Editor in 0.00 ms.
Unloading 2663 Unused Serialized files (Serialized files now loaded: 0)
System memory in use before: 125.7 MB.
System memory in use after: 122.9 MB.

Unloading 57 unused Assets to reduce memory usage. Loaded Objects now: 3242.
Total: 4.361600 ms (FindLiveObjects: 0.318300 ms CreateObjectMapping: 0.184500 ms MarkObjects: 2.182500 ms  DeleteObjects: 1.675100 ms)

AssetImportParameters requested are different than current active one (requested -> active):
  custom:graphics/normal-map-encoding: 01000000000000000000000000000000 -> 02000000000000000000000000000000
========================================================================
Received Prepare
Registering precompiled user dll's ...
Registered in 0.002463 seconds.
Begin MonoManager ReloadAssembly
Native extension for WindowsStandalone target not found
Native extension for WebGL target not found
Refreshing native plugins compatible for Editor in 0.71 ms, found 0 plugins.
Preloading 0 native plugins for Editor in 0.00 ms.
Mono: successfully reloaded assembly
- Completed reload, in  1.353 seconds
Platform modules already initialized, skipping
Switching build target platform(5) subTarget(0) extendedPlatform(0) -> platform(13) subTarget(537395200) extendedPlatform(0)
Shader 'Universal Render Pipeline/Particles/Lit': fallback shader 'Universal Render Pipeline/Particles/SimpleLit' not found
Shader 'Universal Render Pipeline/Particles/Lit': fallback shader 'Universal Render Pipeline/Particles/SimpleLit' not found
Refreshing native plugins compatible for Editor in 0.67 ms, found 0 plugins.
Preloading 0 native plugins for Editor in 0.00 ms.
Unloading 2663 Unused Serialized files (Serialized files now loaded: 0)
System memory in use before: 125.7 MB.
System memory in use after: 122.9 MB.

Unloading 57 unused Assets to reduce memory usage. Loaded Objects now: 3245.
Total: 4.127800 ms (FindLiveObjects: 0.351300 ms CreateObjectMapping: 0.195200 ms MarkObjects: 1.930000 ms  DeleteObjects: 1.650100 ms)

AssetImportParameters requested are different than current active one (requested -> active):
  custom:graphics/normal-map-encoding: 01000000000000000000000000000000 -> 02000000000000000000000000000000
========================================================================
Received Import Request.
  Time since last request: 1767.257870 seconds.
  path: Assets/Scripts/LaneManager.cs
  artifactKey: Guid(8ecfee18c17a58b44bdd0ab7360c9d53) Importer(815301076,1909f56bfc062723c751e8b465ee728b)
Start importing Assets/Scripts/LaneManager.cs using Guid(8ecfee18c17a58b44bdd0ab7360c9d53) Importer(815301076,1909f56bfc062723c751e8b465ee728b)  -> (artifact id: '8aa63507e0d5613366ee4bd74ccfc632') in 0.009757 seconds
  Import took 0.014237 seconds .

========================================================================
Received Prepare
Registering precompiled user dll's ...
Registered in 0.001477 seconds.
Begin MonoManager ReloadAssembly
Native extension for WindowsStandalone target not found
Native extension for WebGL target not found
Refreshing native plugins compatible for Editor in 0.84 ms, found 0 plugins.
Preloading 0 native plugins for Editor in 0.00 ms.
Mono: successfully reloaded assembly
- Completed reload, in  1.117 seconds
Platform modules already initialized, skipping
Switching build target platform(5) subTarget(0) extendedPlatform(0) -> platform(13) subTarget(537395200) extendedPlatform(0)
Shader 'Universal Render Pipeline/Particles/Lit': fallback shader 'Universal Render Pipeline/Particles/SimpleLit' not found
Shader 'Universal Render Pipeline/Particles/Lit': fallback shader 'Universal Render Pipeline/Particles/SimpleLit' not found
Refreshing native plugins compatible for Editor in 0.55 ms, found 0 plugins.
Preloading 0 native plugins for Editor in 0.00 ms.
Unloading 2663 Unused Serialized files (Serialized files now loaded: 0)
System memory in use before: 125.6 MB.
System memory in use after: 122.9 MB.

Unloading 57 unused Assets to reduce memory usage. Loaded Objects now: 3248.
Total: 4.233800 ms (FindLiveObjects: 0.357100 ms CreateObjectMapping: 0.234600 ms MarkObjects: 1.998800 ms  DeleteObjects: 1.642100 ms)

AssetImportParameters requested are different than current active one (requested -> active):
  custom:graphics/normal-map-encoding: 01000000000000000000000000000000 -> 02000000000000000000000000000000
========================================================================
Received Import Request.
  Time since last request: 494.328277 seconds.
  path: Assets/Scripts/LaneManager.cs
  artifactKey: Guid(8ecfee18c17a58b44bdd0ab7360c9d53) Importer(815301076,1909f56bfc062723c751e8b465ee728b)
Start importing Assets/Scripts/LaneManager.cs using Guid(8ecfee18c17a58b44bdd0ab7360c9d53) Importer(815301076,1909f56bfc062723c751e8b465ee728b)  -> (artifact id: 'b64adcafba66aff3d59eb1eacfc2e3a8') in 0.005374 seconds
  Import took 0.009748 seconds .

========================================================================
Received Prepare
Registering precompiled user dll's ...
Registered in 0.003407 seconds.
Begin MonoManager ReloadAssembly
Native extension for WindowsStandalone target not found
Native extension for WebGL target not found
Refreshing native plugins compatible for Editor in 0.61 ms, found 0 plugins.
Preloading 0 native plugins for Editor in 0.00 ms.
Mono: successfully reloaded assembly
- Completed reload, in  1.128 seconds
Platform modules already initialized, skipping
Switching build target platform(5) subTarget(0) extendedPlatform(0) -> platform(13) subTarget(537395200) extendedPlatform(0)
Shader 'Universal Render Pipeline/Particles/Lit': fallback shader 'Universal Render Pipeline/Particles/SimpleLit' not found
Shader 'Universal Render Pipeline/Particles/Lit': fallback shader 'Universal Render Pipeline/Particles/SimpleLit' not found
Refreshing native plugins compatible for Editor in 0.56 ms, found 0 plugins.
Preloading 0 native plugins for Editor in 0.00 ms.
Unloading 2663 Unused Serialized files (Serialized files now loaded: 0)
System memory in use before: 125.7 MB.
System memory in use after: 122.9 MB.

Unloading 57 unused Assets to reduce memory usage. Loaded Objects now: 3251.
Total: 3.910200 ms (FindLiveObjects: 0.294700 ms CreateObjectMapping: 0.170600 ms MarkObjects: 1.844500 ms  DeleteObjects: 1.599500 ms)

AssetImportParameters requested are different than current active one (requested -> active):
  custom:graphics/normal-map-encoding: 01000000000000000000000000000000 -> 02000000000000000000000000000000
========================================================================
Received Import Request.
  Time since last request: 163.955498 seconds.
  path: Assets/Scripts/LaneManager.cs
  artifactKey: Guid(8ecfee18c17a58b44bdd0ab7360c9d53) Importer(815301076,1909f56bfc062723c751e8b465ee728b)
Start importing Assets/Scripts/LaneManager.cs using Guid(8ecfee18c17a58b44bdd0ab7360c9d53) Importer(815301076,1909f56bfc062723c751e8b465ee728b)  -> (artifact id: 'a57b1808c7b78fa6a984b427d18307f2') in 0.016020 seconds
  Import took 0.029043 seconds .

